Obtaining file:///home/adrian/project/src/pyFFTW
  Installing build dependencies: started
  Installing build dependencies: finished with status 'done'
  Checking if build backend supports build_editable: started
  Checking if build backend supports build_editable: finished with status 'done'
  Getting requirements to build wheel: started
  Getting requirements to build wheel: finished with status 'done'
  Preparing metadata (pyproject.toml): started
  Preparing metadata (pyproject.toml): finished with status 'done'
Requirement already satisfied: numpy<2.0,>=1.16 in /home/adrian/miniconda3/envs/2p-stabilizer/lib/python3.9/site-packages (from pyFFTW==0.11.1+66.gd74d032.dirty) (1.19.5)
Installing collected packages: pyFFTW
  Running setup.py develop for pyFFTW
    ERROR: Command errored out with exit status 1:
     command: /home/adrian/miniconda3/envs/2p-stabilizer/bin/python3.9 -c 'import io, os, sys, setuptools, tokenize; sys.argv[0] = '"'"'/home/adrian/project/src/pyFFTW/setup.py'"'"'; __file__='"'"'/home/adrian/project/src/pyFFTW/setup.py'"'"';f = getattr(tokenize, '"'"'open'"'"', open)(__file__) if os.path.exists(__file__) else io.StringIO('"'"'from setuptools import setup; setup()'"'"');code = f.read().replace('"'"'\r\n'"'"', '"'"'\n'"'"');f.close();exec(compile(code, __file__, '"'"'exec'"'"'))' develop --no-deps
         cwd: /home/adrian/project/src/pyFFTW/
    Complete output (65 lines):
    running develop
    /tmp/pip-build-env-anmsmks8/overlay/lib/python3.9/site-packages/setuptools/command/easy_install.py:156: EasyInstallDeprecationWarning: easy_install command is deprecated. Use build and pip and other standards-based tools.
      warnings.warn(
    /tmp/pip-build-env-anmsmks8/overlay/lib/python3.9/site-packages/setuptools/command/install.py:34: SetuptoolsDeprecationWarning: setup.py install is deprecated. Use build and pip and other standards-based tools.
      warnings.warn(
    running egg_info
    writing pyFFTW.egg-info/PKG-INFO
    writing dependency_links to pyFFTW.egg-info/dependency_links.txt
    writing requirements to pyFFTW.egg-info/requires.txt
    writing top-level names to pyFFTW.egg-info/top_level.txt
    reading manifest file 'pyFFTW.egg-info/SOURCES.txt'
    reading manifest template 'MANIFEST.in'
    warning: no files found matching 'CHANGELOG.md'
    warning: no files found matching 'README.rst'
    no previously-included directories found matching 'docs/_build'
    no previously-included directories found matching 'build'
    no previously-included directories found matching '*/__pycache__'
    warning: no previously-included files matching '*.py[cod]' found anywhere in distribution
    warning: no previously-included files matching '*.so' found anywhere in distribution
    warning: no previously-included files matching '*.dll' found anywhere in distribution
    warning: no previously-included files matching '*.dylib' found anywhere in distribution
    warning: no previously-included files matching '*~' found anywhere in distribution
    warning: no previously-included files matching '*.bak' found anywhere in distribution
    warning: no previously-included files matching '*.swp' found anywhere in distribution
    adding license file 'LICENSE.txt'
    writing manifest file 'pyFFTW.egg-info/SOURCES.txt'
    running build_ext
    Build pyFFTW with support for FFTW with
    double precision
    skipping 'pyfftw/pyfftw.c' Cython extension (up-to-date)
    building 'pyfftw.pyfftw' extension
    gcc -pthread -B /home/adrian/miniconda3/envs/2p-stabilizer/compiler_compat -Wno-unused-result -Wsign-compare -DNDEBUG -fwrapv -O2 -Wall -fPIC -O2 -isystem /home/adrian/miniconda3/envs/2p-stabilizer/include -fPIC -O2 -isystem /home/adrian/miniconda3/envs/2p-stabilizer/include -fPIC -I/home/adrian/miniconda3/envs/2p-stabilizer/include/python3.9 -I/home/adrian/project/src/pyFFTW/include -I/home/adrian/project/src/pyFFTW/pyfftw -I/tmp/pip-build-env-anmsmks8/overlay/lib/python3.9/site-packages/numpy/core/include -I/home/adrian/miniconda3/envs/2p-stabilizer/include -I/home/adrian/.local/include -I/home/adrian/miniconda3/envs/2p-stabilizer/include/python3.9 -c pyfftw/pyfftw.c -o build/temp.linux-x86_64-3.9/pyfftw/pyfftw.o
    In file included from /tmp/pip-build-env-anmsmks8/overlay/lib/python3.9/site-packages/numpy/core/include/numpy/ndarraytypes.h:1822,
                     from /tmp/pip-build-env-anmsmks8/overlay/lib/python3.9/site-packages/numpy/core/include/numpy/ndarrayobject.h:12,
                     from /tmp/pip-build-env-anmsmks8/overlay/lib/python3.9/site-packages/numpy/core/include/numpy/arrayobject.h:4,
                     from pyfftw/pyfftw.c:620:
    /tmp/pip-build-env-anmsmks8/overlay/lib/python3.9/site-packages/numpy/core/include/numpy/npy_1_7_deprecated_api.h:17:2: warning: #warning "Using deprecated NumPy API, disable it with " "#define NPY_NO_DEPRECATED_API NPY_1_7_API_VERSION" [-Wcpp]
       17 | #warning "Using deprecated NumPy API, disable it with " \
          |  ^~~~~~~
    pyfftw/pyfftw.c: In function ‘__pyx_f_6pyfftw_6pyfftw__fftw_plan_guru_r2r’:
    pyfftw/pyfftw.c:6736:164: warning: passing argument 7 of ‘fftw_plan_guru_r2r’ from incompatible pointer type [-Wincompatible-pointer-types]
     6736 |   __pyx_r = ((void *)fftw_plan_guru_r2r(__pyx_v_rank, __pyx_v_dims, __pyx_v_howmany_rank, __pyx_v_howmany_dims, ((double *)__pyx_v__in), ((double *)__pyx_v__out), __pyx_v_direction, __pyx_v_flags));
          |                                                                                                                                                                    ^~~~~~~~~~~~~~~~~
          |                                                                                                                                                                    |
          |                                                                                                                                                                    int *
    In file included from pyfftw/pyfftw.c:627:
    /home/adrian/.local/include/fftw3.h:356:48: note: expected ‘const fftw_r2r_kind *’ {aka ‘const enum fftw_r2r_kind_do_not_use_me *’} but argument is of type ‘int *’
      356 |                             const X(r2r_kind) *kind, unsigned flags);   \
          |                             ~~~~~~~~~~~~~~~~~~~^~~~
    /home/adrian/.local/include/fftw3.h:465:1: note: in expansion of macro ‘FFTW_DEFINE_API’
      465 | FFTW_DEFINE_API(FFTW_MANGLE_DOUBLE, double, fftw_complex)
          | ^~~~~~~~~~~~~~~
    At top level:
    pyfftw/pyfftw.c:6955:13: warning: ‘__pyx_f_6pyfftw_6pyfftw__fftwl_execute_r2r’ defined but not used [-Wunused-function]
     6955 | static void __pyx_f_6pyfftw_6pyfftw__fftwl_execute_r2r(void *__pyx_v__plan, void *__pyx_v__in, void *__pyx_v__out) {
          |             ^~~~~~~~~~~~~~~~~~~~~~~~~~~~~~~~~~~~~~~~~~
    pyfftw/pyfftw.c:6925:13: warning: ‘__pyx_f_6pyfftw_6pyfftw__fftwf_execute_r2r’ defined but not used [-Wunused-function]
     6925 | static void __pyx_f_6pyfftw_6pyfftw__fftwf_execute_r2r(void *__pyx_v__plan, void *__pyx_v__in, void *__pyx_v__out) {
          |             ^~~~~~~~~~~~~~~~~~~~~~~~~~~~~~~~~~~~~~~~~~
    gcc -pthread -B /home/adrian/miniconda3/envs/2p-stabilizer/compiler_compat -shared -Wl,-rpath,/home/adrian/miniconda3/envs/2p-stabilizer/lib -Wl,-rpath-link,/home/adrian/miniconda3/envs/2p-stabilizer/lib -L/home/adrian/miniconda3/envs/2p-stabilizer/lib -Wl,-rpath,/home/adrian/miniconda3/envs/2p-stabilizer/lib -Wl,-rpath-link,/home/adrian/miniconda3/envs/2p-stabilizer/lib -L/home/adrian/miniconda3/envs/2p-stabilizer/lib build/temp.linux-x86_64-3.9/pyfftw/pyfftw.o -L/home/adrian/.local/lib -L/home/adrian/miniconda3/envs/2p-stabilizer/lib -lfftw3 -lm -o /home/adrian/project/src/pyFFTW/pyfftw/pyfftw.cpython-39-x86_64-linux-gnu.so
    /home/adrian/miniconda3/envs/2p-stabilizer/compiler_compat/ld: /home/adrian/.local/lib/libfftw3.a(lt7-conf.o): warning: relocation against `fftw_solvtab_rdft_r2cf' in read-only section `.text'
    /home/adrian/miniconda3/envs/2p-stabilizer/compiler_compat/ld: /home/adrian/.local/lib/libfftw3.a(assert.o): relocation R_X86_64_PC32 against symbol `stdout@@GLIBC_2.2.5' can not be used when making a shared object; recompile with -fPIC
    /home/adrian/miniconda3/envs/2p-stabilizer/compiler_compat/ld: final link failed: bad value
    collect2: error: ld returned 1 exit status
    error: command '/usr/bin/gcc' failed with exit code 1
    ----------------------------------------
ERROR: Command errored out with exit status 1: /home/adrian/miniconda3/envs/2p-stabilizer/bin/python3.9 -c 'import io, os, sys, setuptools, tokenize; sys.argv[0] = '"'"'/home/adrian/project/src/pyFFTW/setup.py'"'"'; __file__='"'"'/home/adrian/project/src/pyFFTW/setup.py'"'"';f = getattr(tokenize, '"'"'open'"'"', open)(__file__) if os.path.exists(__file__) else io.StringIO('"'"'from setuptools import setup; setup()'"'"');code = f.read().replace('"'"'\r\n'"'"', '"'"'\n'"'"');f.close();exec(compile(code, __file__, '"'"'exec'"'"'))' develop --no-deps Check the logs for full command output.
